<?xml version="1.0" encoding="UTF-8"?>
<testsuite xmlns:xsi="http://www.w3.org/2001/XMLSchema-instance" xsi:noNamespaceSchemaLocation="https://maven.apache.org/surefire/maven-surefire-plugin/xsd/surefire-test-report-3.0.xsd" version="3.0" name="com.bb.domain.web.CountryControllerTest" time="6.573" tests="1" errors="0" skipped="0" failures="0">
  <properties>
    <property name="java.specification.version" value="17"/>
    <property name="test.url" value="http://localhost:8081"/>
    <property name="sun.jnu.encoding" value="UTF-8"/>
    <property name="java.class.path" value="/mnt/barracuda/bb/poverty-indicator/target/test-classes:/mnt/barracuda/bb/poverty-indicator/target/classes:/home/allan/.m2/repository/io/quarkus/quarkus-arc/2.13.3.Final/quarkus-arc-2.13.3.Final.jar:/home/allan/.m2/repository/io/quarkus/arc/arc/2.13.3.Final/arc-2.13.3.Final.jar:/home/allan/.m2/repository/jakarta/enterprise/jakarta.enterprise.cdi-api/2.0.2/jakarta.enterprise.cdi-api-2.0.2.jar:/home/allan/.m2/repository/jakarta/el/jakarta.el-api/3.0.3/jakarta.el-api-3.0.3.jar:/home/allan/.m2/repository/jakarta/annotation/jakarta.annotation-api/1.3.5/jakarta.annotation-api-1.3.5.jar:/home/allan/.m2/repository/jakarta/transaction/jakarta.transaction-api/1.3.3/jakarta.transaction-api-1.3.3.jar:/home/allan/.m2/repository/io/smallrye/reactive/mutiny/1.7.0/mutiny-1.7.0.jar:/home/allan/.m2/repository/org/reactivestreams/reactive-streams/1.0.3/reactive-streams-1.0.3.jar:/home/allan/.m2/repository/io/smallrye/common/smallrye-common-annotation/1.13.1/smallrye-common-annotation-1.13.1.jar:/home/allan/.m2/repository/org/jboss/logging/jboss-logging/3.5.0.Final/jboss-logging-3.5.0.Final.jar:/home/allan/.m2/repository/io/quarkus/quarkus-core/2.13.3.Final/quarkus-core-2.13.3.Final.jar:/home/allan/.m2/repository/jakarta/inject/jakarta.inject-api/1.0/jakarta.inject-api-1.0.jar:/home/allan/.m2/repository/io/quarkus/quarkus-ide-launcher/2.13.3.Final/quarkus-ide-launcher-2.13.3.Final.jar:/home/allan/.m2/repository/io/quarkus/quarkus-development-mode-spi/2.13.3.Final/quarkus-development-mode-spi-2.13.3.Final.jar:/home/allan/.m2/repository/io/smallrye/config/smallrye-config/2.12.0/smallrye-config-2.12.0.jar:/home/allan/.m2/repository/io/smallrye/config/smallrye-config-core/2.12.0/smallrye-config-core-2.12.0.jar:/home/allan/.m2/repository/io/smallrye/common/smallrye-common-expression/1.13.1/smallrye-common-expression-1.13.1.jar:/home/allan/.m2/repository/io/smallrye/common/smallrye-common-function/1.13.1/smallrye-common-function-1.13.1.jar:/home/allan/.m2/repository/io/smallrye/common/smallrye-common-classloader/1.13.1/smallrye-common-classloader-1.13.1.jar:/home/allan/.m2/repository/io/smallrye/config/smallrye-config-common/2.12.0/smallrye-config-common-2.12.0.jar:/home/allan/.m2/repository/org/jboss/logmanager/jboss-logmanager-embedded/1.0.10/jboss-logmanager-embedded-1.0.10.jar:/home/allan/.m2/repository/org/jboss/logging/jboss-logging-annotations/2.2.1.Final/jboss-logging-annotations-2.2.1.Final.jar:/home/allan/.m2/repository/org/jboss/threads/jboss-threads/3.4.3.Final/jboss-threads-3.4.3.Final.jar:/home/allan/.m2/repository/org/jboss/slf4j/slf4j-jboss-logmanager/1.2.0.Final/slf4j-jboss-logmanager-1.2.0.Final.jar:/home/allan/.m2/repository/org/graalvm/sdk/graal-sdk/22.2.0/graal-sdk-22.2.0.jar:/home/allan/.m2/repository/org/wildfly/common/wildfly-common/1.5.4.Final-format-001/wildfly-common-1.5.4.Final-format-001.jar:/home/allan/.m2/repository/io/quarkus/quarkus-bootstrap-runner/2.13.3.Final/quarkus-bootstrap-runner-2.13.3.Final.jar:/home/allan/.m2/repository/io/quarkus/quarkus-fs-util/0.0.9/quarkus-fs-util-0.0.9.jar:/home/allan/.m2/repository/org/eclipse/microprofile/context-propagation/microprofile-context-propagation-api/1.2/microprofile-context-propagation-api-1.2.jar:/home/allan/.m2/repository/io/quarkus/quarkus-resteasy-jackson/2.13.3.Final/quarkus-resteasy-jackson-2.13.3.Final.jar:/home/allan/.m2/repository/io/quarkus/quarkus-resteasy/2.13.3.Final/quarkus-resteasy-2.13.3.Final.jar:/home/allan/.m2/repository/io/quarkus/quarkus-resteasy-server-common/2.13.3.Final/quarkus-resteasy-server-common-2.13.3.Final.jar:/home/allan/.m2/repository/jakarta/validation/jakarta.validation-api/2.0.2/jakarta.validation-api-2.0.2.jar:/home/allan/.m2/repository/io/quarkus/quarkus-jackson/2.13.3.Final/quarkus-jackson-2.13.3.Final.jar:/home/allan/.m2/repository/com/fasterxml/jackson/datatype/jackson-datatype-jsr310/2.13.4/jackson-datatype-jsr310-2.13.4.jar:/home/allan/.m2/repository/com/fasterxml/jackson/datatype/jackson-datatype-jdk8/2.13.4/jackson-datatype-jdk8-2.13.4.jar:/home/allan/.m2/repository/com/fasterxml/jackson/module/jackson-module-parameter-names/2.13.4/jackson-module-parameter-names-2.13.4.jar:/home/allan/.m2/repository/org/jboss/resteasy/resteasy-jackson2-provider/4.7.7.Final/resteasy-jackson2-provider-4.7.7.Final.jar:/home/allan/.m2/repository/com/fasterxml/jackson/jaxrs/jackson-jaxrs-json-provider/2.13.4/jackson-jaxrs-json-provider-2.13.4.jar:/home/allan/.m2/repository/com/fasterxml/jackson/jaxrs/jackson-jaxrs-base/2.13.4/jackson-jaxrs-base-2.13.4.jar:/home/allan/.m2/repository/com/fasterxml/jackson/module/jackson-module-jaxb-annotations/2.13.4/jackson-module-jaxb-annotations-2.13.4.jar:/home/allan/.m2/repository/com/github/java-json-tools/json-patch/1.13/json-patch-1.13.jar:/home/allan/.m2/repository/com/github/java-json-tools/msg-simple/1.2/msg-simple-1.2.jar:/home/allan/.m2/repository/com/github/java-json-tools/btf/1.3/btf-1.3.jar:/home/allan/.m2/repository/com/github/java-json-tools/jackson-coreutils/2.0/jackson-coreutils-2.0.jar:/home/allan/.m2/repository/org/jboss/spec/javax/xml/bind/jboss-jaxb-api_2.3_spec/2.0.0.Final/jboss-jaxb-api_2.3_spec-2.0.0.Final.jar:/home/allan/.m2/repository/io/quarkus/quarkus-rest-client/2.13.3.Final/quarkus-rest-client-2.13.3.Final.jar:/home/allan/.m2/repository/io/quarkus/quarkus-resteasy-common/2.13.3.Final/quarkus-resteasy-common-2.13.3.Final.jar:/home/allan/.m2/repository/org/jboss/resteasy/resteasy-core/4.7.7.Final/resteasy-core-4.7.7.Final.jar:/home/allan/.m2/repository/org/jboss/spec/javax/ws/rs/jboss-jaxrs-api_2.1_spec/2.0.1.Final/jboss-jaxrs-api_2.1_spec-2.0.1.Final.jar:/home/allan/.m2/repository/org/jboss/resteasy/resteasy-core-spi/4.7.7.Final/resteasy-core-spi-4.7.7.Final.jar:/home/allan/.m2/repository/com/ibm/async/asyncutil/0.1.0/asyncutil-0.1.0.jar:/home/allan/.m2/repository/io/quarkus/quarkus-apache-httpclient/2.13.3.Final/quarkus-apache-httpclient-2.13.3.Final.jar:/home/allan/.m2/repository/io/quarkus/quarkus-rest-client-config/2.13.3.Final/quarkus-rest-client-config-2.13.3.Final.jar:/home/allan/.m2/repository/org/eclipse/microprofile/rest/client/microprofile-rest-client-api/2.0/microprofile-rest-client-api-2.0.jar:/home/allan/.m2/repository/org/jboss/jandex/2.4.3.Final/jandex-2.4.3.Final.jar:/home/allan/.m2/repository/org/jboss/resteasy/resteasy-client-microprofile/4.7.7.Final/resteasy-client-microprofile-4.7.7.Final.jar:/home/allan/.m2/repository/org/jboss/resteasy/resteasy-client-microprofile-base/4.7.7.Final/resteasy-client-microprofile-base-4.7.7.Final.jar:/home/allan/.m2/repository/org/jboss/resteasy/resteasy-client/4.7.7.Final/resteasy-client-4.7.7.Final.jar:/home/allan/.m2/repository/org/jboss/resteasy/resteasy-client-api/4.7.7.Final/resteasy-client-api-4.7.7.Final.jar:/home/allan/.m2/repository/org/jboss/resteasy/resteasy-cdi/4.7.7.Final/resteasy-cdi-4.7.7.Final.jar:/home/allan/.m2/repository/jakarta/interceptor/jakarta.interceptor-api/1.2.5/jakarta.interceptor-api-1.2.5.jar:/home/allan/.m2/repository/org/apache/httpcomponents/httpasyncclient/4.1.5/httpasyncclient-4.1.5.jar:/home/allan/.m2/repository/org/apache/httpcomponents/httpcore/4.4.15/httpcore-4.4.15.jar:/home/allan/.m2/repository/org/apache/httpcomponents/httpcore-nio/4.4.15/httpcore-nio-4.4.15.jar:/home/allan/.m2/repository/org/jboss/logging/commons-logging-jboss-logging/1.0.0.Final/commons-logging-jboss-logging-1.0.0.Final.jar:/home/allan/.m2/repository/io/quarkus/quarkus-rest-client-jackson/2.13.3.Final/quarkus-rest-client-jackson-2.13.3.Final.jar:/home/allan/.m2/repository/io/quarkus/quarkus-smallrye-health/2.13.3.Final/quarkus-smallrye-health-2.13.3.Final.jar:/home/allan/.m2/repository/io/smallrye/smallrye-health/3.3.0/smallrye-health-3.3.0.jar:/home/allan/.m2/repository/org/eclipse/microprofile/health/microprofile-health-api/3.1/microprofile-health-api-3.1.jar:/home/allan/.m2/repository/io/smallrye/smallrye-health-api/3.3.0/smallrye-health-api-3.3.0.jar:/home/allan/.m2/repository/io/smallrye/smallrye-health-provided-checks/3.3.0/smallrye-health-provided-checks-3.3.0.jar:/home/allan/.m2/repository/io/quarkus/quarkus-vertx-http/2.13.3.Final/quarkus-vertx-http-2.13.3.Final.jar:/home/allan/.m2/repository/io/quarkus/quarkus-security-runtime-spi/2.13.3.Final/quarkus-security-runtime-spi-2.13.3.Final.jar:/home/allan/.m2/repository/io/quarkus/quarkus-credentials/2.13.3.Final/quarkus-credentials-2.13.3.Final.jar:/home/allan/.m2/repository/io/smallrye/common/smallrye-common-vertx-context/1.13.1/smallrye-common-vertx-context-1.13.1.jar:/home/allan/.m2/repository/io/vertx/vertx-core/4.3.4/vertx-core-4.3.4.jar:/home/allan/.m2/repository/io/netty/netty-common/4.1.82.Final/netty-common-4.1.82.Final.jar:/home/allan/.m2/repository/io/netty/netty-buffer/4.1.82.Final/netty-buffer-4.1.82.Final.jar:/home/allan/.m2/repository/io/netty/netty-transport/4.1.82.Final/netty-transport-4.1.82.Final.jar:/home/allan/.m2/repository/io/netty/netty-handler/4.1.82.Final/netty-handler-4.1.82.Final.jar:/home/allan/.m2/repository/io/netty/netty-transport-native-unix-common/4.1.82.Final/netty-transport-native-unix-common-4.1.82.Final.jar:/home/allan/.m2/repository/io/netty/netty-handler-proxy/4.1.82.Final/netty-handler-proxy-4.1.82.Final.jar:/home/allan/.m2/repository/io/netty/netty-codec-socks/4.1.82.Final/netty-codec-socks-4.1.82.Final.jar:/home/allan/.m2/repository/io/netty/netty-codec-http/4.1.82.Final/netty-codec-http-4.1.82.Final.jar:/home/allan/.m2/repository/io/netty/netty-codec-http2/4.1.82.Final/netty-codec-http2-4.1.82.Final.jar:/home/allan/.m2/repository/io/netty/netty-resolver/4.1.82.Final/netty-resolver-4.1.82.Final.jar:/home/allan/.m2/repository/io/netty/netty-resolver-dns/4.1.82.Final/netty-resolver-dns-4.1.82.Final.jar:/home/allan/.m2/repository/io/netty/netty-codec-dns/4.1.82.Final/netty-codec-dns-4.1.82.Final.jar:/home/allan/.m2/repository/io/smallrye/common/smallrye-common-constraint/1.13.1/smallrye-common-constraint-1.13.1.jar:/home/allan/.m2/repository/io/quarkus/quarkus-vertx-http-dev-console-runtime-spi/2.13.3.Final/quarkus-vertx-http-dev-console-runtime-spi-2.13.3.Final.jar:/home/allan/.m2/repository/io/quarkus/security/quarkus-security/1.1.4.Final/quarkus-security-1.1.4.Final.jar:/home/allan/.m2/repository/io/quarkus/quarkus-vertx/2.13.3.Final/quarkus-vertx-2.13.3.Final.jar:/home/allan/.m2/repository/io/quarkus/quarkus-netty/2.13.3.Final/quarkus-netty-2.13.3.Final.jar:/home/allan/.m2/repository/io/netty/netty-codec/4.1.82.Final/netty-codec-4.1.82.Final.jar:/home/allan/.m2/repository/com/aayushatharva/brotli4j/brotli4j/1.8.0/brotli4j-1.8.0.jar:/home/allan/.m2/repository/com/aayushatharva/brotli4j/native-linux-x86_64/1.8.0/native-linux-x86_64-1.8.0.jar:/home/allan/.m2/repository/io/netty/netty-codec-haproxy/4.1.82.Final/netty-codec-haproxy-4.1.82.Final.jar:/home/allan/.m2/repository/io/quarkus/quarkus-vertx-latebound-mdc-provider/2.13.3.Final/quarkus-vertx-latebound-mdc-provider-2.13.3.Final.jar:/home/allan/.m2/repository/io/smallrye/reactive/smallrye-mutiny-vertx-core/2.27.0/smallrye-mutiny-vertx-core-2.27.0.jar:/home/allan/.m2/repository/io/smallrye/reactive/smallrye-mutiny-vertx-runtime/2.27.0/smallrye-mutiny-vertx-runtime-2.27.0.jar:/home/allan/.m2/repository/io/smallrye/reactive/vertx-mutiny-generator/2.27.0/vertx-mutiny-generator-2.27.0.jar:/home/allan/.m2/repository/io/vertx/vertx-codegen/4.3.4/vertx-codegen-4.3.4.jar:/home/allan/.m2/repository/io/smallrye/smallrye-fault-tolerance-vertx/5.5.0/smallrye-fault-tolerance-vertx-5.5.0.jar:/home/allan/.m2/repository/io/smallrye/reactive/smallrye-mutiny-vertx-web/2.27.0/smallrye-mutiny-vertx-web-2.27.0.jar:/home/allan/.m2/repository/io/smallrye/reactive/smallrye-mutiny-vertx-web-common/2.27.0/smallrye-mutiny-vertx-web-common-2.27.0.jar:/home/allan/.m2/repository/io/smallrye/reactive/smallrye-mutiny-vertx-auth-common/2.27.0/smallrye-mutiny-vertx-auth-common-2.27.0.jar:/home/allan/.m2/repository/io/smallrye/reactive/smallrye-mutiny-vertx-bridge-common/2.27.0/smallrye-mutiny-vertx-bridge-common-2.27.0.jar:/home/allan/.m2/repository/io/smallrye/reactive/smallrye-mutiny-vertx-uri-template/2.27.0/smallrye-mutiny-vertx-uri-template-2.27.0.jar:/home/allan/.m2/repository/io/vertx/vertx-uri-template/4.3.4/vertx-uri-template-4.3.4.jar:/home/allan/.m2/repository/io/vertx/vertx-web/4.3.4/vertx-web-4.3.4.jar:/home/allan/.m2/repository/io/vertx/vertx-web-common/4.3.4/vertx-web-common-4.3.4.jar:/home/allan/.m2/repository/io/vertx/vertx-auth-common/4.3.4/vertx-auth-common-4.3.4.jar:/home/allan/.m2/repository/io/vertx/vertx-bridge-common/4.3.4/vertx-bridge-common-4.3.4.jar:/home/allan/.m2/repository/io/github/crac/org-crac/0.1.1/org-crac-0.1.1.jar:/home/allan/.m2/repository/io/quarkus/quarkus-jsonp/2.13.3.Final/quarkus-jsonp-2.13.3.Final.jar:/home/allan/.m2/repository/org/glassfish/jakarta.json/1.1.6/jakarta.json-1.1.6.jar:/home/allan/.m2/repository/io/quarkus/quarkus-smallrye-openapi/2.13.3.Final/quarkus-smallrye-openapi-2.13.3.Final.jar:/home/allan/.m2/repository/io/smallrye/smallrye-open-api-core/2.2.1/smallrye-open-api-core-2.2.1.jar:/home/allan/.m2/repository/org/eclipse/microprofile/openapi/microprofile-openapi-api/2.0.1/microprofile-openapi-api-2.0.1.jar:/home/allan/.m2/repository/org/eclipse/microprofile/config/microprofile-config-api/2.0.1/microprofile-config-api-2.0.1.jar:/home/allan/.m2/repository/com/fasterxml/jackson/dataformat/jackson-dataformat-yaml/2.13.4/jackson-dataformat-yaml-2.13.4.jar:/home/allan/.m2/repository/org/yaml/snakeyaml/1.33/snakeyaml-1.33.jar:/home/allan/.m2/repository/io/quarkus/quarkus-swagger-ui/2.13.3.Final/quarkus-swagger-ui-2.13.3.Final.jar:/home/allan/.m2/repository/io/quarkus/quarkus-resteasy-jaxb/2.13.3.Final/quarkus-resteasy-jaxb-2.13.3.Final.jar:/home/allan/.m2/repository/io/quarkus/quarkus-jaxb/2.13.3.Final/quarkus-jaxb-2.13.3.Final.jar:/home/allan/.m2/repository/io/quarkus/quarkus-jaxp/2.13.3.Final/quarkus-jaxp-2.13.3.Final.jar:/home/allan/.m2/repository/org/glassfish/jaxb/jaxb-runtime/2.3.3-b02/jaxb-runtime-2.3.3-b02.jar:/home/allan/.m2/repository/org/glassfish/jaxb/txw2/2.3.3-b02/txw2-2.3.3-b02.jar:/home/allan/.m2/repository/com/sun/istack/istack-commons-runtime/3.0.10/istack-commons-runtime-3.0.10.jar:/home/allan/.m2/repository/org/jboss/resteasy/resteasy-jaxb-provider/4.7.7.Final/resteasy-jaxb-provider-4.7.7.Final.jar:/home/allan/.m2/repository/com/sun/activation/jakarta.activation/1.2.1/jakarta.activation-1.2.1.jar:/home/allan/.m2/repository/org/projectlombok/lombok/1.18.22/lombok-1.18.22.jar:/home/allan/.m2/repository/com/google/code/gson/gson/2.10/gson-2.10.jar:/home/allan/.m2/repository/io/quarkus/quarkus-junit5/2.13.3.Final/quarkus-junit5-2.13.3.Final.jar:/home/allan/.m2/repository/io/quarkus/quarkus-bootstrap-core/2.13.3.Final/quarkus-bootstrap-core-2.13.3.Final.jar:/home/allan/.m2/repository/io/quarkus/quarkus-bootstrap-app-model/2.13.3.Final/quarkus-bootstrap-app-model-2.13.3.Final.jar:/home/allan/.m2/repository/io/smallrye/common/smallrye-common-io/1.13.1/smallrye-common-io-1.13.1.jar:/home/allan/.m2/repository/org/eclipse/sisu/org.eclipse.sisu.inject/0.3.5/org.eclipse.sisu.inject-0.3.5.jar:/home/allan/.m2/repository/io/quarkus/quarkus-test-common/2.13.3.Final/quarkus-test-common-2.13.3.Final.jar:/home/allan/.m2/repository/io/quarkus/quarkus-core-deployment/2.13.3.Final/quarkus-core-deployment-2.13.3.Final.jar:/home/allan/.m2/repository/org/aesh/readline/2.2/readline-2.2.jar:/home/allan/.m2/repository/org/fusesource/jansi/jansi/1.18/jansi-1.18.jar:/home/allan/.m2/repository/org/aesh/aesh/2.6/aesh-2.6.jar:/home/allan/.m2/repository/io/quarkus/gizmo/gizmo/1.1.1.Final/gizmo-1.1.1.Final.jar:/home/allan/.m2/repository/org/ow2/asm/asm-util/9.3/asm-util-9.3.jar:/home/allan/.m2/repository/org/ow2/asm/asm-commons/9.3/asm-commons-9.3.jar:/home/allan/.m2/repository/org/ow2/asm/asm-tree/9.3/asm-tree-9.3.jar:/home/allan/.m2/repository/org/ow2/asm/asm-analysis/9.3/asm-analysis-9.3.jar:/home/allan/.m2/repository/io/quarkus/quarkus-class-change-agent/2.13.3.Final/quarkus-class-change-agent-2.13.3.Final.jar:/home/allan/.m2/repository/io/quarkus/quarkus-devtools-utilities/2.13.3.Final/quarkus-devtools-utilities-2.13.3.Final.jar:/home/allan/.m2/repository/io/quarkus/quarkus-builder/2.13.3.Final/quarkus-builder-2.13.3.Final.jar:/home/allan/.m2/repository/org/junit/platform/junit-platform-launcher/1.9.1/junit-platform-launcher-1.9.1.jar:/home/allan/.m2/repository/io/quarkus/quarkus-bootstrap-maven-resolver/2.13.3.Final/quarkus-bootstrap-maven-resolver-2.13.3.Final.jar:/home/allan/.m2/repository/org/apache/maven/maven-embedder/3.8.6/maven-embedder-3.8.6.jar:/home/allan/.m2/repository/org/apache/maven/maven-settings/3.8.6/maven-settings-3.8.6.jar:/home/allan/.m2/repository/org/apache/maven/maven-core/3.8.6/maven-core-3.8.6.jar:/home/allan/.m2/repository/org/apache/maven/maven-artifact/3.8.6/maven-artifact-3.8.6.jar:/home/allan/.m2/repository/org/codehaus/plexus/plexus-component-annotations/2.1.0/plexus-component-annotations-2.1.0.jar:/home/allan/.m2/repository/org/apache/maven/maven-plugin-api/3.8.6/maven-plugin-api-3.8.6.jar:/home/allan/.m2/repository/org/apache/maven/maven-model/3.8.6/maven-model-3.8.6.jar:/home/allan/.m2/repository/org/apache/maven/maven-model-builder/3.8.6/maven-model-builder-3.8.6.jar:/home/allan/.m2/repository/org/apache/maven/maven-builder-support/3.8.6/maven-builder-support-3.8.6.jar:/home/allan/.m2/repository/org/apache/maven/resolver/maven-resolver-api/1.6.3/maven-resolver-api-1.6.3.jar:/home/allan/.m2/repository/org/apache/maven/resolver/maven-resolver-util/1.6.3/maven-resolver-util-1.6.3.jar:/home/allan/.m2/repository/org/apache/maven/shared/maven-shared-utils/3.3.4/maven-shared-utils-3.3.4.jar:/home/allan/.m2/repository/com/google/inject/guice/4.2.2/guice-4.2.2-no_aop.jar:/home/allan/.m2/repository/org/codehaus/plexus/plexus-classworlds/2.6.0/plexus-classworlds-2.6.0.jar:/home/allan/.m2/repository/org/codehaus/plexus/plexus-sec-dispatcher/2.0/plexus-sec-dispatcher-2.0.jar:/home/allan/.m2/repository/org/codehaus/plexus/plexus-cipher/2.0/plexus-cipher-2.0.jar:/home/allan/.m2/repository/commons-cli/commons-cli/1.4/commons-cli-1.4.jar:/home/allan/.m2/repository/org/eclipse/sisu/org.eclipse.sisu.plexus/0.3.5/org.eclipse.sisu.plexus-0.3.5.jar:/home/allan/.m2/repository/org/apache/maven/maven-settings-builder/3.8.6/maven-settings-builder-3.8.6.jar:/home/allan/.m2/repository/org/codehaus/plexus/plexus-interpolation/1.26/plexus-interpolation-1.26.jar:/home/allan/.m2/repository/org/apache/maven/maven-resolver-provider/3.8.6/maven-resolver-provider-3.8.6.jar:/home/allan/.m2/repository/org/apache/maven/maven-repository-metadata/3.8.6/maven-repository-metadata-3.8.6.jar:/home/allan/.m2/repository/org/apache/maven/resolver/maven-resolver-spi/1.6.3/maven-resolver-spi-1.6.3.jar:/home/allan/.m2/repository/org/apache/maven/resolver/maven-resolver-impl/1.6.3/maven-resolver-impl-1.6.3.jar:/home/allan/.m2/repository/org/codehaus/plexus/plexus-utils/3.3.0/plexus-utils-3.3.0.jar:/home/allan/.m2/repository/org/apache/maven/resolver/maven-resolver-connector-basic/1.6.3/maven-resolver-connector-basic-1.6.3.jar:/home/allan/.m2/repository/org/apache/maven/resolver/maven-resolver-transport-wagon/1.6.3/maven-resolver-transport-wagon-1.6.3.jar:/home/allan/.m2/repository/org/apache/maven/wagon/wagon-http/3.5.1/wagon-http-3.5.1.jar:/home/allan/.m2/repository/org/apache/maven/wagon/wagon-http-shared/3.5.1/wagon-http-shared-3.5.1.jar:/home/allan/.m2/repository/org/apache/maven/wagon/wagon-provider-api/3.5.1/wagon-provider-api-3.5.1.jar:/home/allan/.m2/repository/org/apache/maven/wagon/wagon-file/3.5.1/wagon-file-3.5.1.jar:/home/allan/.m2/repository/io/quarkus/quarkus-bootstrap-gradle-resolver/2.13.3.Final/quarkus-bootstrap-gradle-resolver-2.13.3.Final.jar:/home/allan/.m2/repository/io/quarkus/quarkus-junit5-properties/2.13.3.Final/quarkus-junit5-properties-2.13.3.Final.jar:/home/allan/.m2/repository/org/junit/jupiter/junit-jupiter/5.9.1/junit-jupiter-5.9.1.jar:/home/allan/.m2/repository/org/junit/jupiter/junit-jupiter-api/5.9.1/junit-jupiter-api-5.9.1.jar:/home/allan/.m2/repository/org/opentest4j/opentest4j/1.2.0/opentest4j-1.2.0.jar:/home/allan/.m2/repository/org/junit/platform/junit-platform-commons/1.9.1/junit-platform-commons-1.9.1.jar:/home/allan/.m2/repository/org/apiguardian/apiguardian-api/1.1.2/apiguardian-api-1.1.2.jar:/home/allan/.m2/repository/org/junit/jupiter/junit-jupiter-params/5.9.1/junit-jupiter-params-5.9.1.jar:/home/allan/.m2/repository/org/junit/jupiter/junit-jupiter-engine/5.9.1/junit-jupiter-engine-5.9.1.jar:/home/allan/.m2/repository/org/junit/platform/junit-platform-engine/1.9.1/junit-platform-engine-1.9.1.jar:/home/allan/.m2/repository/com/thoughtworks/xstream/xstream/1.4.19/xstream-1.4.19.jar:/home/allan/.m2/repository/io/github/x-stream/mxparser/1.2.2/mxparser-1.2.2.jar:/home/allan/.m2/repository/xmlpull/xmlpull/1.1.3.1/xmlpull-1.1.3.1.jar:/home/allan/.m2/repository/io/rest-assured/rest-assured/4.5.1/rest-assured-4.5.1.jar:/home/allan/.m2/repository/org/codehaus/groovy/groovy/3.0.9/groovy-3.0.9.jar:/home/allan/.m2/repository/org/codehaus/groovy/groovy-xml/3.0.9/groovy-xml-3.0.9.jar:/home/allan/.m2/repository/org/apache/httpcomponents/httpclient/4.5.13/httpclient-4.5.13.jar:/home/allan/.m2/repository/commons-codec/commons-codec/1.15/commons-codec-1.15.jar:/home/allan/.m2/repository/org/apache/httpcomponents/httpmime/4.5.13/httpmime-4.5.13.jar:/home/allan/.m2/repository/org/hamcrest/hamcrest/2.1/hamcrest-2.1.jar:/home/allan/.m2/repository/org/ccil/cowan/tagsoup/tagsoup/1.2.1/tagsoup-1.2.1.jar:/home/allan/.m2/repository/io/rest-assured/json-path/4.5.1/json-path-4.5.1.jar:/home/allan/.m2/repository/org/codehaus/groovy/groovy-json/3.0.9/groovy-json-3.0.9.jar:/home/allan/.m2/repository/io/rest-assured/rest-assured-common/4.5.1/rest-assured-common-4.5.1.jar:/home/allan/.m2/repository/io/rest-assured/xml-path/4.5.1/xml-path-4.5.1.jar:/home/allan/.m2/repository/io/quarkus/quarkus-junit5-mockito/2.13.3.Final/quarkus-junit5-mockito-2.13.3.Final.jar:/home/allan/.m2/repository/io/quarkus/quarkus-junit5-mockito-config/2.13.3.Final/quarkus-junit5-mockito-config-2.13.3.Final.jar:/home/allan/.m2/repository/io/quarkus/quarkus-arc-deployment/2.13.3.Final/quarkus-arc-deployment-2.13.3.Final.jar:/home/allan/.m2/repository/io/quarkus/quarkus-smallrye-context-propagation-spi/2.13.3.Final/quarkus-smallrye-context-propagation-spi-2.13.3.Final.jar:/home/allan/.m2/repository/io/quarkus/quarkus-vertx-http-dev-console-spi/2.13.3.Final/quarkus-vertx-http-dev-console-spi-2.13.3.Final.jar:/home/allan/.m2/repository/io/quarkus/arc/arc-processor/2.13.3.Final/arc-processor-2.13.3.Final.jar:/home/allan/.m2/repository/org/mockito/mockito-core/4.8.0/mockito-core-4.8.0.jar:/home/allan/.m2/repository/net/bytebuddy/byte-buddy/1.12.9/byte-buddy-1.12.9.jar:/home/allan/.m2/repository/net/bytebuddy/byte-buddy-agent/1.12.14/byte-buddy-agent-1.12.14.jar:/home/allan/.m2/repository/org/objenesis/objenesis/3.2/objenesis-3.2.jar:/home/allan/.m2/repository/io/quarkus/quarkus-mutiny/2.13.3.Final/quarkus-mutiny-2.13.3.Final.jar:/home/allan/.m2/repository/io/quarkus/quarkus-smallrye-context-propagation/2.13.3.Final/quarkus-smallrye-context-propagation-2.13.3.Final.jar:/home/allan/.m2/repository/io/smallrye/smallrye-context-propagation/1.2.2/smallrye-context-propagation-1.2.2.jar:/home/allan/.m2/repository/io/smallrye/smallrye-context-propagation-api/1.2.2/smallrye-context-propagation-api-1.2.2.jar:/home/allan/.m2/repository/io/smallrye/smallrye-context-propagation-storage/1.2.2/smallrye-context-propagation-storage-1.2.2.jar:/home/allan/.m2/repository/io/smallrye/reactive/mutiny-smallrye-context-propagation/1.7.0/mutiny-smallrye-context-propagation-1.7.0.jar:/home/allan/.m2/repository/com/github/tomakehurst/wiremock-jre8/2.33.2/wiremock-jre8-2.33.2.jar:/home/allan/.m2/repository/org/eclipse/jetty/jetty-server/9.4.46.v20220331/jetty-server-9.4.46.v20220331.jar:/home/allan/.m2/repository/javax/servlet/javax.servlet-api/3.1.0/javax.servlet-api-3.1.0.jar:/home/allan/.m2/repository/org/eclipse/jetty/jetty-http/9.4.46.v20220331/jetty-http-9.4.46.v20220331.jar:/home/allan/.m2/repository/org/eclipse/jetty/jetty-io/9.4.46.v20220331/jetty-io-9.4.46.v20220331.jar:/home/allan/.m2/repository/org/eclipse/jetty/jetty-servlet/9.4.46.v20220331/jetty-servlet-9.4.46.v20220331.jar:/home/allan/.m2/repository/org/eclipse/jetty/jetty-security/9.4.46.v20220331/jetty-security-9.4.46.v20220331.jar:/home/allan/.m2/repository/org/eclipse/jetty/jetty-util-ajax/9.4.46.v20220331/jetty-util-ajax-9.4.46.v20220331.jar:/home/allan/.m2/repository/org/eclipse/jetty/jetty-servlets/9.4.46.v20220331/jetty-servlets-9.4.46.v20220331.jar:/home/allan/.m2/repository/org/eclipse/jetty/jetty-continuation/9.4.46.v20220331/jetty-continuation-9.4.46.v20220331.jar:/home/allan/.m2/repository/org/eclipse/jetty/jetty-util/9.4.46.v20220331/jetty-util-9.4.46.v20220331.jar:/home/allan/.m2/repository/org/eclipse/jetty/jetty-webapp/9.4.46.v20220331/jetty-webapp-9.4.46.v20220331.jar:/home/allan/.m2/repository/org/eclipse/jetty/jetty-xml/9.4.46.v20220331/jetty-xml-9.4.46.v20220331.jar:/home/allan/.m2/repository/org/eclipse/jetty/jetty-proxy/9.4.46.v20220331/jetty-proxy-9.4.46.v20220331.jar:/home/allan/.m2/repository/org/eclipse/jetty/jetty-client/9.4.46.v20220331/jetty-client-9.4.46.v20220331.jar:/home/allan/.m2/repository/org/eclipse/jetty/http2/http2-server/9.4.46.v20220331/http2-server-9.4.46.v20220331.jar:/home/allan/.m2/repository/org/eclipse/jetty/http2/http2-common/9.4.46.v20220331/http2-common-9.4.46.v20220331.jar:/home/allan/.m2/repository/org/eclipse/jetty/http2/http2-hpack/9.4.46.v20220331/http2-hpack-9.4.46.v20220331.jar:/home/allan/.m2/repository/org/eclipse/jetty/jetty-alpn-server/9.4.46.v20220331/jetty-alpn-server-9.4.46.v20220331.jar:/home/allan/.m2/repository/org/eclipse/jetty/jetty-alpn-java-server/9.4.46.v20220331/jetty-alpn-java-server-9.4.46.v20220331.jar:/home/allan/.m2/repository/org/eclipse/jetty/jetty-alpn-openjdk8-server/9.4.46.v20220331/jetty-alpn-openjdk8-server-9.4.46.v20220331.jar:/home/allan/.m2/repository/org/eclipse/jetty/jetty-alpn-java-client/9.4.46.v20220331/jetty-alpn-java-client-9.4.46.v20220331.jar:/home/allan/.m2/repository/org/eclipse/jetty/jetty-alpn-client/9.4.46.v20220331/jetty-alpn-client-9.4.46.v20220331.jar:/home/allan/.m2/repository/org/eclipse/jetty/jetty-alpn-openjdk8-client/9.4.46.v20220331/jetty-alpn-openjdk8-client-9.4.46.v20220331.jar:/home/allan/.m2/repository/com/google/guava/guava/31.1-jre/guava-31.1-jre.jar:/home/allan/.m2/repository/com/google/guava/failureaccess/1.0.1/failureaccess-1.0.1.jar:/home/allan/.m2/repository/org/checkerframework/checker-qual/3.25.0/checker-qual-3.25.0.jar:/home/allan/.m2/repository/com/google/errorprone/error_prone_annotations/2.15.0/error_prone_annotations-2.15.0.jar:/home/allan/.m2/repository/com/google/j2objc/j2objc-annotations/1.3/j2objc-annotations-1.3.jar:/home/allan/.m2/repository/com/fasterxml/jackson/core/jackson-core/2.13.4/jackson-core-2.13.4.jar:/home/allan/.m2/repository/com/fasterxml/jackson/core/jackson-annotations/2.13.4/jackson-annotations-2.13.4.jar:/home/allan/.m2/repository/com/fasterxml/jackson/core/jackson-databind/2.13.4.2/jackson-databind-2.13.4.2.jar:/home/allan/.m2/repository/org/apache/httpcomponents/client5/httpclient5/5.1.3/httpclient5-5.1.3.jar:/home/allan/.m2/repository/org/apache/httpcomponents/core5/httpcore5/5.1.3/httpcore5-5.1.3.jar:/home/allan/.m2/repository/org/apache/httpcomponents/core5/httpcore5-h2/5.1.3/httpcore5-h2-5.1.3.jar:/home/allan/.m2/repository/org/xmlunit/xmlunit-core/2.9.0/xmlunit-core-2.9.0.jar:/home/allan/.m2/repository/jakarta/xml/bind/jakarta.xml.bind-api/2.3.3/jakarta.xml.bind-api-2.3.3.jar:/home/allan/.m2/repository/jakarta/activation/jakarta.activation-api/1.2.1/jakarta.activation-api-1.2.1.jar:/home/allan/.m2/repository/org/xmlunit/xmlunit-legacy/2.9.0/xmlunit-legacy-2.9.0.jar:/home/allan/.m2/repository/org/xmlunit/xmlunit-placeholders/2.9.0/xmlunit-placeholders-2.9.0.jar:/home/allan/.m2/repository/net/javacrumbs/json-unit/json-unit-core/2.33.0/json-unit-core-2.33.0.jar:/home/allan/.m2/repository/org/hamcrest/hamcrest-core/2.2/hamcrest-core-2.2.jar:/home/allan/.m2/repository/com/jayway/jsonpath/json-path/2.7.0/json-path-2.7.0.jar:/home/allan/.m2/repository/net/minidev/json-smart/2.4.7/json-smart-2.4.7.jar:/home/allan/.m2/repository/net/minidev/accessors-smart/2.4.7/accessors-smart-2.4.7.jar:/home/allan/.m2/repository/org/ow2/asm/asm/9.3/asm-9.3.jar:/home/allan/.m2/repository/org/slf4j/slf4j-api/1.7.36/slf4j-api-1.7.36.jar:/home/allan/.m2/repository/net/sf/jopt-simple/jopt-simple/5.0.4/jopt-simple-5.0.4.jar:/home/allan/.m2/repository/org/apache/commons/commons-lang3/3.12.0/commons-lang3-3.12.0.jar:/home/allan/.m2/repository/com/github/jknack/handlebars/4.3.0/handlebars-4.3.0.jar:/home/allan/.m2/repository/com/github/jknack/handlebars-helpers/4.3.0/handlebars-helpers-4.3.0.jar:/home/allan/.m2/repository/commons-fileupload/commons-fileupload/1.4/commons-fileupload-1.4.jar:/home/allan/.m2/repository/commons-io/commons-io/2.11.0/commons-io-2.11.0.jar:"/>
    <property name="java.vm.vendor" value="Oracle Corporation"/>
    <property name="sun.arch.data.model" value="64"/>
    <property name="java.vendor.url" value="https://java.oracle.com/"/>
    <property name="user.timezone" value="America/Sao_Paulo"/>
    <property name="user.country.format" value="BR"/>
    <property name="logging.initial-configurator.min-level" value="500"/>
    <property name="os.name" value="Linux"/>
    <property name="java.vm.specification.version" value="17"/>
    <property name="sun.java.launcher" value="SUN_STANDARD"/>
    <property name="user.country" value="US"/>
    <property name="mp.openapi.extensions.smallrye.defaultProduces" value="application/json"/>
    <property name="sun.boot.library.path" value="/usr/lib/jvm/java-17-oracle/lib"/>
    <property name="sun.java.command" value="/mnt/barracuda/bb/poverty-indicator/target/surefire/surefirebooter-20221027075927695_3.jar /mnt/barracuda/bb/poverty-indicator/target/surefire 2022-10-27T07-59-27_577-jvmRun1 surefire-20221027075927695_1tmp surefire_0-20221027075927695_2tmp"/>
    <property name="jdk.debug" value="release"/>
    <property name="maven.home" value="/usr/share/maven"/>
    <property name="surefire.test.class.path" value="/mnt/barracuda/bb/poverty-indicator/target/test-classes:/mnt/barracuda/bb/poverty-indicator/target/classes:/home/allan/.m2/repository/io/quarkus/quarkus-arc/2.13.3.Final/quarkus-arc-2.13.3.Final.jar:/home/allan/.m2/repository/io/quarkus/arc/arc/2.13.3.Final/arc-2.13.3.Final.jar:/home/allan/.m2/repository/jakarta/enterprise/jakarta.enterprise.cdi-api/2.0.2/jakarta.enterprise.cdi-api-2.0.2.jar:/home/allan/.m2/repository/jakarta/el/jakarta.el-api/3.0.3/jakarta.el-api-3.0.3.jar:/home/allan/.m2/repository/jakarta/annotation/jakarta.annotation-api/1.3.5/jakarta.annotation-api-1.3.5.jar:/home/allan/.m2/repository/jakarta/transaction/jakarta.transaction-api/1.3.3/jakarta.transaction-api-1.3.3.jar:/home/allan/.m2/repository/io/smallrye/reactive/mutiny/1.7.0/mutiny-1.7.0.jar:/home/allan/.m2/repository/org/reactivestreams/reactive-streams/1.0.3/reactive-streams-1.0.3.jar:/home/allan/.m2/repository/io/smallrye/common/smallrye-common-annotation/1.13.1/smallrye-common-annotation-1.13.1.jar:/home/allan/.m2/repository/org/jboss/logging/jboss-logging/3.5.0.Final/jboss-logging-3.5.0.Final.jar:/home/allan/.m2/repository/io/quarkus/quarkus-core/2.13.3.Final/quarkus-core-2.13.3.Final.jar:/home/allan/.m2/repository/jakarta/inject/jakarta.inject-api/1.0/jakarta.inject-api-1.0.jar:/home/allan/.m2/repository/io/quarkus/quarkus-ide-launcher/2.13.3.Final/quarkus-ide-launcher-2.13.3.Final.jar:/home/allan/.m2/repository/io/quarkus/quarkus-development-mode-spi/2.13.3.Final/quarkus-development-mode-spi-2.13.3.Final.jar:/home/allan/.m2/repository/io/smallrye/config/smallrye-config/2.12.0/smallrye-config-2.12.0.jar:/home/allan/.m2/repository/io/smallrye/config/smallrye-config-core/2.12.0/smallrye-config-core-2.12.0.jar:/home/allan/.m2/repository/io/smallrye/common/smallrye-common-expression/1.13.1/smallrye-common-expression-1.13.1.jar:/home/allan/.m2/repository/io/smallrye/common/smallrye-common-function/1.13.1/smallrye-common-function-1.13.1.jar:/home/allan/.m2/repository/io/smallrye/common/smallrye-common-classloader/1.13.1/smallrye-common-classloader-1.13.1.jar:/home/allan/.m2/repository/io/smallrye/config/smallrye-config-common/2.12.0/smallrye-config-common-2.12.0.jar:/home/allan/.m2/repository/org/jboss/logmanager/jboss-logmanager-embedded/1.0.10/jboss-logmanager-embedded-1.0.10.jar:/home/allan/.m2/repository/org/jboss/logging/jboss-logging-annotations/2.2.1.Final/jboss-logging-annotations-2.2.1.Final.jar:/home/allan/.m2/repository/org/jboss/threads/jboss-threads/3.4.3.Final/jboss-threads-3.4.3.Final.jar:/home/allan/.m2/repository/org/jboss/slf4j/slf4j-jboss-logmanager/1.2.0.Final/slf4j-jboss-logmanager-1.2.0.Final.jar:/home/allan/.m2/repository/org/graalvm/sdk/graal-sdk/22.2.0/graal-sdk-22.2.0.jar:/home/allan/.m2/repository/org/wildfly/common/wildfly-common/1.5.4.Final-format-001/wildfly-common-1.5.4.Final-format-001.jar:/home/allan/.m2/repository/io/quarkus/quarkus-bootstrap-runner/2.13.3.Final/quarkus-bootstrap-runner-2.13.3.Final.jar:/home/allan/.m2/repository/io/quarkus/quarkus-fs-util/0.0.9/quarkus-fs-util-0.0.9.jar:/home/allan/.m2/repository/org/eclipse/microprofile/context-propagation/microprofile-context-propagation-api/1.2/microprofile-context-propagation-api-1.2.jar:/home/allan/.m2/repository/io/quarkus/quarkus-resteasy-jackson/2.13.3.Final/quarkus-resteasy-jackson-2.13.3.Final.jar:/home/allan/.m2/repository/io/quarkus/quarkus-resteasy/2.13.3.Final/quarkus-resteasy-2.13.3.Final.jar:/home/allan/.m2/repository/io/quarkus/quarkus-resteasy-server-common/2.13.3.Final/quarkus-resteasy-server-common-2.13.3.Final.jar:/home/allan/.m2/repository/jakarta/validation/jakarta.validation-api/2.0.2/jakarta.validation-api-2.0.2.jar:/home/allan/.m2/repository/io/quarkus/quarkus-jackson/2.13.3.Final/quarkus-jackson-2.13.3.Final.jar:/home/allan/.m2/repository/com/fasterxml/jackson/datatype/jackson-datatype-jsr310/2.13.4/jackson-datatype-jsr310-2.13.4.jar:/home/allan/.m2/repository/com/fasterxml/jackson/datatype/jackson-datatype-jdk8/2.13.4/jackson-datatype-jdk8-2.13.4.jar:/home/allan/.m2/repository/com/fasterxml/jackson/module/jackson-module-parameter-names/2.13.4/jackson-module-parameter-names-2.13.4.jar:/home/allan/.m2/repository/org/jboss/resteasy/resteasy-jackson2-provider/4.7.7.Final/resteasy-jackson2-provider-4.7.7.Final.jar:/home/allan/.m2/repository/com/fasterxml/jackson/jaxrs/jackson-jaxrs-json-provider/2.13.4/jackson-jaxrs-json-provider-2.13.4.jar:/home/allan/.m2/repository/com/fasterxml/jackson/jaxrs/jackson-jaxrs-base/2.13.4/jackson-jaxrs-base-2.13.4.jar:/home/allan/.m2/repository/com/fasterxml/jackson/module/jackson-module-jaxb-annotations/2.13.4/jackson-module-jaxb-annotations-2.13.4.jar:/home/allan/.m2/repository/com/github/java-json-tools/json-patch/1.13/json-patch-1.13.jar:/home/allan/.m2/repository/com/github/java-json-tools/msg-simple/1.2/msg-simple-1.2.jar:/home/allan/.m2/repository/com/github/java-json-tools/btf/1.3/btf-1.3.jar:/home/allan/.m2/repository/com/github/java-json-tools/jackson-coreutils/2.0/jackson-coreutils-2.0.jar:/home/allan/.m2/repository/org/jboss/spec/javax/xml/bind/jboss-jaxb-api_2.3_spec/2.0.0.Final/jboss-jaxb-api_2.3_spec-2.0.0.Final.jar:/home/allan/.m2/repository/io/quarkus/quarkus-rest-client/2.13.3.Final/quarkus-rest-client-2.13.3.Final.jar:/home/allan/.m2/repository/io/quarkus/quarkus-resteasy-common/2.13.3.Final/quarkus-resteasy-common-2.13.3.Final.jar:/home/allan/.m2/repository/org/jboss/resteasy/resteasy-core/4.7.7.Final/resteasy-core-4.7.7.Final.jar:/home/allan/.m2/repository/org/jboss/spec/javax/ws/rs/jboss-jaxrs-api_2.1_spec/2.0.1.Final/jboss-jaxrs-api_2.1_spec-2.0.1.Final.jar:/home/allan/.m2/repository/org/jboss/resteasy/resteasy-core-spi/4.7.7.Final/resteasy-core-spi-4.7.7.Final.jar:/home/allan/.m2/repository/com/ibm/async/asyncutil/0.1.0/asyncutil-0.1.0.jar:/home/allan/.m2/repository/io/quarkus/quarkus-apache-httpclient/2.13.3.Final/quarkus-apache-httpclient-2.13.3.Final.jar:/home/allan/.m2/repository/io/quarkus/quarkus-rest-client-config/2.13.3.Final/quarkus-rest-client-config-2.13.3.Final.jar:/home/allan/.m2/repository/org/eclipse/microprofile/rest/client/microprofile-rest-client-api/2.0/microprofile-rest-client-api-2.0.jar:/home/allan/.m2/repository/org/jboss/jandex/2.4.3.Final/jandex-2.4.3.Final.jar:/home/allan/.m2/repository/org/jboss/resteasy/resteasy-client-microprofile/4.7.7.Final/resteasy-client-microprofile-4.7.7.Final.jar:/home/allan/.m2/repository/org/jboss/resteasy/resteasy-client-microprofile-base/4.7.7.Final/resteasy-client-microprofile-base-4.7.7.Final.jar:/home/allan/.m2/repository/org/jboss/resteasy/resteasy-client/4.7.7.Final/resteasy-client-4.7.7.Final.jar:/home/allan/.m2/repository/org/jboss/resteasy/resteasy-client-api/4.7.7.Final/resteasy-client-api-4.7.7.Final.jar:/home/allan/.m2/repository/org/jboss/resteasy/resteasy-cdi/4.7.7.Final/resteasy-cdi-4.7.7.Final.jar:/home/allan/.m2/repository/jakarta/interceptor/jakarta.interceptor-api/1.2.5/jakarta.interceptor-api-1.2.5.jar:/home/allan/.m2/repository/org/apache/httpcomponents/httpasyncclient/4.1.5/httpasyncclient-4.1.5.jar:/home/allan/.m2/repository/org/apache/httpcomponents/httpcore/4.4.15/httpcore-4.4.15.jar:/home/allan/.m2/repository/org/apache/httpcomponents/httpcore-nio/4.4.15/httpcore-nio-4.4.15.jar:/home/allan/.m2/repository/org/jboss/logging/commons-logging-jboss-logging/1.0.0.Final/commons-logging-jboss-logging-1.0.0.Final.jar:/home/allan/.m2/repository/io/quarkus/quarkus-rest-client-jackson/2.13.3.Final/quarkus-rest-client-jackson-2.13.3.Final.jar:/home/allan/.m2/repository/io/quarkus/quarkus-smallrye-health/2.13.3.Final/quarkus-smallrye-health-2.13.3.Final.jar:/home/allan/.m2/repository/io/smallrye/smallrye-health/3.3.0/smallrye-health-3.3.0.jar:/home/allan/.m2/repository/org/eclipse/microprofile/health/microprofile-health-api/3.1/microprofile-health-api-3.1.jar:/home/allan/.m2/repository/io/smallrye/smallrye-health-api/3.3.0/smallrye-health-api-3.3.0.jar:/home/allan/.m2/repository/io/smallrye/smallrye-health-provided-checks/3.3.0/smallrye-health-provided-checks-3.3.0.jar:/home/allan/.m2/repository/io/quarkus/quarkus-vertx-http/2.13.3.Final/quarkus-vertx-http-2.13.3.Final.jar:/home/allan/.m2/repository/io/quarkus/quarkus-security-runtime-spi/2.13.3.Final/quarkus-security-runtime-spi-2.13.3.Final.jar:/home/allan/.m2/repository/io/quarkus/quarkus-credentials/2.13.3.Final/quarkus-credentials-2.13.3.Final.jar:/home/allan/.m2/repository/io/smallrye/common/smallrye-common-vertx-context/1.13.1/smallrye-common-vertx-context-1.13.1.jar:/home/allan/.m2/repository/io/vertx/vertx-core/4.3.4/vertx-core-4.3.4.jar:/home/allan/.m2/repository/io/netty/netty-common/4.1.82.Final/netty-common-4.1.82.Final.jar:/home/allan/.m2/repository/io/netty/netty-buffer/4.1.82.Final/netty-buffer-4.1.82.Final.jar:/home/allan/.m2/repository/io/netty/netty-transport/4.1.82.Final/netty-transport-4.1.82.Final.jar:/home/allan/.m2/repository/io/netty/netty-handler/4.1.82.Final/netty-handler-4.1.82.Final.jar:/home/allan/.m2/repository/io/netty/netty-transport-native-unix-common/4.1.82.Final/netty-transport-native-unix-common-4.1.82.Final.jar:/home/allan/.m2/repository/io/netty/netty-handler-proxy/4.1.82.Final/netty-handler-proxy-4.1.82.Final.jar:/home/allan/.m2/repository/io/netty/netty-codec-socks/4.1.82.Final/netty-codec-socks-4.1.82.Final.jar:/home/allan/.m2/repository/io/netty/netty-codec-http/4.1.82.Final/netty-codec-http-4.1.82.Final.jar:/home/allan/.m2/repository/io/netty/netty-codec-http2/4.1.82.Final/netty-codec-http2-4.1.82.Final.jar:/home/allan/.m2/repository/io/netty/netty-resolver/4.1.82.Final/netty-resolver-4.1.82.Final.jar:/home/allan/.m2/repository/io/netty/netty-resolver-dns/4.1.82.Final/netty-resolver-dns-4.1.82.Final.jar:/home/allan/.m2/repository/io/netty/netty-codec-dns/4.1.82.Final/netty-codec-dns-4.1.82.Final.jar:/home/allan/.m2/repository/io/smallrye/common/smallrye-common-constraint/1.13.1/smallrye-common-constraint-1.13.1.jar:/home/allan/.m2/repository/io/quarkus/quarkus-vertx-http-dev-console-runtime-spi/2.13.3.Final/quarkus-vertx-http-dev-console-runtime-spi-2.13.3.Final.jar:/home/allan/.m2/repository/io/quarkus/security/quarkus-security/1.1.4.Final/quarkus-security-1.1.4.Final.jar:/home/allan/.m2/repository/io/quarkus/quarkus-vertx/2.13.3.Final/quarkus-vertx-2.13.3.Final.jar:/home/allan/.m2/repository/io/quarkus/quarkus-netty/2.13.3.Final/quarkus-netty-2.13.3.Final.jar:/home/allan/.m2/repository/io/netty/netty-codec/4.1.82.Final/netty-codec-4.1.82.Final.jar:/home/allan/.m2/repository/com/aayushatharva/brotli4j/brotli4j/1.8.0/brotli4j-1.8.0.jar:/home/allan/.m2/repository/com/aayushatharva/brotli4j/native-linux-x86_64/1.8.0/native-linux-x86_64-1.8.0.jar:/home/allan/.m2/repository/io/netty/netty-codec-haproxy/4.1.82.Final/netty-codec-haproxy-4.1.82.Final.jar:/home/allan/.m2/repository/io/quarkus/quarkus-vertx-latebound-mdc-provider/2.13.3.Final/quarkus-vertx-latebound-mdc-provider-2.13.3.Final.jar:/home/allan/.m2/repository/io/smallrye/reactive/smallrye-mutiny-vertx-core/2.27.0/smallrye-mutiny-vertx-core-2.27.0.jar:/home/allan/.m2/repository/io/smallrye/reactive/smallrye-mutiny-vertx-runtime/2.27.0/smallrye-mutiny-vertx-runtime-2.27.0.jar:/home/allan/.m2/repository/io/smallrye/reactive/vertx-mutiny-generator/2.27.0/vertx-mutiny-generator-2.27.0.jar:/home/allan/.m2/repository/io/vertx/vertx-codegen/4.3.4/vertx-codegen-4.3.4.jar:/home/allan/.m2/repository/io/smallrye/smallrye-fault-tolerance-vertx/5.5.0/smallrye-fault-tolerance-vertx-5.5.0.jar:/home/allan/.m2/repository/io/smallrye/reactive/smallrye-mutiny-vertx-web/2.27.0/smallrye-mutiny-vertx-web-2.27.0.jar:/home/allan/.m2/repository/io/smallrye/reactive/smallrye-mutiny-vertx-web-common/2.27.0/smallrye-mutiny-vertx-web-common-2.27.0.jar:/home/allan/.m2/repository/io/smallrye/reactive/smallrye-mutiny-vertx-auth-common/2.27.0/smallrye-mutiny-vertx-auth-common-2.27.0.jar:/home/allan/.m2/repository/io/smallrye/reactive/smallrye-mutiny-vertx-bridge-common/2.27.0/smallrye-mutiny-vertx-bridge-common-2.27.0.jar:/home/allan/.m2/repository/io/smallrye/reactive/smallrye-mutiny-vertx-uri-template/2.27.0/smallrye-mutiny-vertx-uri-template-2.27.0.jar:/home/allan/.m2/repository/io/vertx/vertx-uri-template/4.3.4/vertx-uri-template-4.3.4.jar:/home/allan/.m2/repository/io/vertx/vertx-web/4.3.4/vertx-web-4.3.4.jar:/home/allan/.m2/repository/io/vertx/vertx-web-common/4.3.4/vertx-web-common-4.3.4.jar:/home/allan/.m2/repository/io/vertx/vertx-auth-common/4.3.4/vertx-auth-common-4.3.4.jar:/home/allan/.m2/repository/io/vertx/vertx-bridge-common/4.3.4/vertx-bridge-common-4.3.4.jar:/home/allan/.m2/repository/io/github/crac/org-crac/0.1.1/org-crac-0.1.1.jar:/home/allan/.m2/repository/io/quarkus/quarkus-jsonp/2.13.3.Final/quarkus-jsonp-2.13.3.Final.jar:/home/allan/.m2/repository/org/glassfish/jakarta.json/1.1.6/jakarta.json-1.1.6.jar:/home/allan/.m2/repository/io/quarkus/quarkus-smallrye-openapi/2.13.3.Final/quarkus-smallrye-openapi-2.13.3.Final.jar:/home/allan/.m2/repository/io/smallrye/smallrye-open-api-core/2.2.1/smallrye-open-api-core-2.2.1.jar:/home/allan/.m2/repository/org/eclipse/microprofile/openapi/microprofile-openapi-api/2.0.1/microprofile-openapi-api-2.0.1.jar:/home/allan/.m2/repository/org/eclipse/microprofile/config/microprofile-config-api/2.0.1/microprofile-config-api-2.0.1.jar:/home/allan/.m2/repository/com/fasterxml/jackson/dataformat/jackson-dataformat-yaml/2.13.4/jackson-dataformat-yaml-2.13.4.jar:/home/allan/.m2/repository/org/yaml/snakeyaml/1.33/snakeyaml-1.33.jar:/home/allan/.m2/repository/io/quarkus/quarkus-swagger-ui/2.13.3.Final/quarkus-swagger-ui-2.13.3.Final.jar:/home/allan/.m2/repository/io/quarkus/quarkus-resteasy-jaxb/2.13.3.Final/quarkus-resteasy-jaxb-2.13.3.Final.jar:/home/allan/.m2/repository/io/quarkus/quarkus-jaxb/2.13.3.Final/quarkus-jaxb-2.13.3.Final.jar:/home/allan/.m2/repository/io/quarkus/quarkus-jaxp/2.13.3.Final/quarkus-jaxp-2.13.3.Final.jar:/home/allan/.m2/repository/org/glassfish/jaxb/jaxb-runtime/2.3.3-b02/jaxb-runtime-2.3.3-b02.jar:/home/allan/.m2/repository/org/glassfish/jaxb/txw2/2.3.3-b02/txw2-2.3.3-b02.jar:/home/allan/.m2/repository/com/sun/istack/istack-commons-runtime/3.0.10/istack-commons-runtime-3.0.10.jar:/home/allan/.m2/repository/org/jboss/resteasy/resteasy-jaxb-provider/4.7.7.Final/resteasy-jaxb-provider-4.7.7.Final.jar:/home/allan/.m2/repository/com/sun/activation/jakarta.activation/1.2.1/jakarta.activation-1.2.1.jar:/home/allan/.m2/repository/org/projectlombok/lombok/1.18.22/lombok-1.18.22.jar:/home/allan/.m2/repository/com/google/code/gson/gson/2.10/gson-2.10.jar:/home/allan/.m2/repository/io/quarkus/quarkus-junit5/2.13.3.Final/quarkus-junit5-2.13.3.Final.jar:/home/allan/.m2/repository/io/quarkus/quarkus-bootstrap-core/2.13.3.Final/quarkus-bootstrap-core-2.13.3.Final.jar:/home/allan/.m2/repository/io/quarkus/quarkus-bootstrap-app-model/2.13.3.Final/quarkus-bootstrap-app-model-2.13.3.Final.jar:/home/allan/.m2/repository/io/smallrye/common/smallrye-common-io/1.13.1/smallrye-common-io-1.13.1.jar:/home/allan/.m2/repository/org/eclipse/sisu/org.eclipse.sisu.inject/0.3.5/org.eclipse.sisu.inject-0.3.5.jar:/home/allan/.m2/repository/io/quarkus/quarkus-test-common/2.13.3.Final/quarkus-test-common-2.13.3.Final.jar:/home/allan/.m2/repository/io/quarkus/quarkus-core-deployment/2.13.3.Final/quarkus-core-deployment-2.13.3.Final.jar:/home/allan/.m2/repository/org/aesh/readline/2.2/readline-2.2.jar:/home/allan/.m2/repository/org/fusesource/jansi/jansi/1.18/jansi-1.18.jar:/home/allan/.m2/repository/org/aesh/aesh/2.6/aesh-2.6.jar:/home/allan/.m2/repository/io/quarkus/gizmo/gizmo/1.1.1.Final/gizmo-1.1.1.Final.jar:/home/allan/.m2/repository/org/ow2/asm/asm-util/9.3/asm-util-9.3.jar:/home/allan/.m2/repository/org/ow2/asm/asm-commons/9.3/asm-commons-9.3.jar:/home/allan/.m2/repository/org/ow2/asm/asm-tree/9.3/asm-tree-9.3.jar:/home/allan/.m2/repository/org/ow2/asm/asm-analysis/9.3/asm-analysis-9.3.jar:/home/allan/.m2/repository/io/quarkus/quarkus-class-change-agent/2.13.3.Final/quarkus-class-change-agent-2.13.3.Final.jar:/home/allan/.m2/repository/io/quarkus/quarkus-devtools-utilities/2.13.3.Final/quarkus-devtools-utilities-2.13.3.Final.jar:/home/allan/.m2/repository/io/quarkus/quarkus-builder/2.13.3.Final/quarkus-builder-2.13.3.Final.jar:/home/allan/.m2/repository/org/junit/platform/junit-platform-launcher/1.9.1/junit-platform-launcher-1.9.1.jar:/home/allan/.m2/repository/io/quarkus/quarkus-bootstrap-maven-resolver/2.13.3.Final/quarkus-bootstrap-maven-resolver-2.13.3.Final.jar:/home/allan/.m2/repository/org/apache/maven/maven-embedder/3.8.6/maven-embedder-3.8.6.jar:/home/allan/.m2/repository/org/apache/maven/maven-settings/3.8.6/maven-settings-3.8.6.jar:/home/allan/.m2/repository/org/apache/maven/maven-core/3.8.6/maven-core-3.8.6.jar:/home/allan/.m2/repository/org/apache/maven/maven-artifact/3.8.6/maven-artifact-3.8.6.jar:/home/allan/.m2/repository/org/codehaus/plexus/plexus-component-annotations/2.1.0/plexus-component-annotations-2.1.0.jar:/home/allan/.m2/repository/org/apache/maven/maven-plugin-api/3.8.6/maven-plugin-api-3.8.6.jar:/home/allan/.m2/repository/org/apache/maven/maven-model/3.8.6/maven-model-3.8.6.jar:/home/allan/.m2/repository/org/apache/maven/maven-model-builder/3.8.6/maven-model-builder-3.8.6.jar:/home/allan/.m2/repository/org/apache/maven/maven-builder-support/3.8.6/maven-builder-support-3.8.6.jar:/home/allan/.m2/repository/org/apache/maven/resolver/maven-resolver-api/1.6.3/maven-resolver-api-1.6.3.jar:/home/allan/.m2/repository/org/apache/maven/resolver/maven-resolver-util/1.6.3/maven-resolver-util-1.6.3.jar:/home/allan/.m2/repository/org/apache/maven/shared/maven-shared-utils/3.3.4/maven-shared-utils-3.3.4.jar:/home/allan/.m2/repository/com/google/inject/guice/4.2.2/guice-4.2.2-no_aop.jar:/home/allan/.m2/repository/org/codehaus/plexus/plexus-classworlds/2.6.0/plexus-classworlds-2.6.0.jar:/home/allan/.m2/repository/org/codehaus/plexus/plexus-sec-dispatcher/2.0/plexus-sec-dispatcher-2.0.jar:/home/allan/.m2/repository/org/codehaus/plexus/plexus-cipher/2.0/plexus-cipher-2.0.jar:/home/allan/.m2/repository/commons-cli/commons-cli/1.4/commons-cli-1.4.jar:/home/allan/.m2/repository/org/eclipse/sisu/org.eclipse.sisu.plexus/0.3.5/org.eclipse.sisu.plexus-0.3.5.jar:/home/allan/.m2/repository/org/apache/maven/maven-settings-builder/3.8.6/maven-settings-builder-3.8.6.jar:/home/allan/.m2/repository/org/codehaus/plexus/plexus-interpolation/1.26/plexus-interpolation-1.26.jar:/home/allan/.m2/repository/org/apache/maven/maven-resolver-provider/3.8.6/maven-resolver-provider-3.8.6.jar:/home/allan/.m2/repository/org/apache/maven/maven-repository-metadata/3.8.6/maven-repository-metadata-3.8.6.jar:/home/allan/.m2/repository/org/apache/maven/resolver/maven-resolver-spi/1.6.3/maven-resolver-spi-1.6.3.jar:/home/allan/.m2/repository/org/apache/maven/resolver/maven-resolver-impl/1.6.3/maven-resolver-impl-1.6.3.jar:/home/allan/.m2/repository/org/codehaus/plexus/plexus-utils/3.3.0/plexus-utils-3.3.0.jar:/home/allan/.m2/repository/org/apache/maven/resolver/maven-resolver-connector-basic/1.6.3/maven-resolver-connector-basic-1.6.3.jar:/home/allan/.m2/repository/org/apache/maven/resolver/maven-resolver-transport-wagon/1.6.3/maven-resolver-transport-wagon-1.6.3.jar:/home/allan/.m2/repository/org/apache/maven/wagon/wagon-http/3.5.1/wagon-http-3.5.1.jar:/home/allan/.m2/repository/org/apache/maven/wagon/wagon-http-shared/3.5.1/wagon-http-shared-3.5.1.jar:/home/allan/.m2/repository/org/apache/maven/wagon/wagon-provider-api/3.5.1/wagon-provider-api-3.5.1.jar:/home/allan/.m2/repository/org/apache/maven/wagon/wagon-file/3.5.1/wagon-file-3.5.1.jar:/home/allan/.m2/repository/io/quarkus/quarkus-bootstrap-gradle-resolver/2.13.3.Final/quarkus-bootstrap-gradle-resolver-2.13.3.Final.jar:/home/allan/.m2/repository/io/quarkus/quarkus-junit5-properties/2.13.3.Final/quarkus-junit5-properties-2.13.3.Final.jar:/home/allan/.m2/repository/org/junit/jupiter/junit-jupiter/5.9.1/junit-jupiter-5.9.1.jar:/home/allan/.m2/repository/org/junit/jupiter/junit-jupiter-api/5.9.1/junit-jupiter-api-5.9.1.jar:/home/allan/.m2/repository/org/opentest4j/opentest4j/1.2.0/opentest4j-1.2.0.jar:/home/allan/.m2/repository/org/junit/platform/junit-platform-commons/1.9.1/junit-platform-commons-1.9.1.jar:/home/allan/.m2/repository/org/apiguardian/apiguardian-api/1.1.2/apiguardian-api-1.1.2.jar:/home/allan/.m2/repository/org/junit/jupiter/junit-jupiter-params/5.9.1/junit-jupiter-params-5.9.1.jar:/home/allan/.m2/repository/org/junit/jupiter/junit-jupiter-engine/5.9.1/junit-jupiter-engine-5.9.1.jar:/home/allan/.m2/repository/org/junit/platform/junit-platform-engine/1.9.1/junit-platform-engine-1.9.1.jar:/home/allan/.m2/repository/com/thoughtworks/xstream/xstream/1.4.19/xstream-1.4.19.jar:/home/allan/.m2/repository/io/github/x-stream/mxparser/1.2.2/mxparser-1.2.2.jar:/home/allan/.m2/repository/xmlpull/xmlpull/1.1.3.1/xmlpull-1.1.3.1.jar:/home/allan/.m2/repository/io/rest-assured/rest-assured/4.5.1/rest-assured-4.5.1.jar:/home/allan/.m2/repository/org/codehaus/groovy/groovy/3.0.9/groovy-3.0.9.jar:/home/allan/.m2/repository/org/codehaus/groovy/groovy-xml/3.0.9/groovy-xml-3.0.9.jar:/home/allan/.m2/repository/org/apache/httpcomponents/httpclient/4.5.13/httpclient-4.5.13.jar:/home/allan/.m2/repository/commons-codec/commons-codec/1.15/commons-codec-1.15.jar:/home/allan/.m2/repository/org/apache/httpcomponents/httpmime/4.5.13/httpmime-4.5.13.jar:/home/allan/.m2/repository/org/hamcrest/hamcrest/2.1/hamcrest-2.1.jar:/home/allan/.m2/repository/org/ccil/cowan/tagsoup/tagsoup/1.2.1/tagsoup-1.2.1.jar:/home/allan/.m2/repository/io/rest-assured/json-path/4.5.1/json-path-4.5.1.jar:/home/allan/.m2/repository/org/codehaus/groovy/groovy-json/3.0.9/groovy-json-3.0.9.jar:/home/allan/.m2/repository/io/rest-assured/rest-assured-common/4.5.1/rest-assured-common-4.5.1.jar:/home/allan/.m2/repository/io/rest-assured/xml-path/4.5.1/xml-path-4.5.1.jar:/home/allan/.m2/repository/io/quarkus/quarkus-junit5-mockito/2.13.3.Final/quarkus-junit5-mockito-2.13.3.Final.jar:/home/allan/.m2/repository/io/quarkus/quarkus-junit5-mockito-config/2.13.3.Final/quarkus-junit5-mockito-config-2.13.3.Final.jar:/home/allan/.m2/repository/io/quarkus/quarkus-arc-deployment/2.13.3.Final/quarkus-arc-deployment-2.13.3.Final.jar:/home/allan/.m2/repository/io/quarkus/quarkus-smallrye-context-propagation-spi/2.13.3.Final/quarkus-smallrye-context-propagation-spi-2.13.3.Final.jar:/home/allan/.m2/repository/io/quarkus/quarkus-vertx-http-dev-console-spi/2.13.3.Final/quarkus-vertx-http-dev-console-spi-2.13.3.Final.jar:/home/allan/.m2/repository/io/quarkus/arc/arc-processor/2.13.3.Final/arc-processor-2.13.3.Final.jar:/home/allan/.m2/repository/org/mockito/mockito-core/4.8.0/mockito-core-4.8.0.jar:/home/allan/.m2/repository/net/bytebuddy/byte-buddy/1.12.9/byte-buddy-1.12.9.jar:/home/allan/.m2/repository/net/bytebuddy/byte-buddy-agent/1.12.14/byte-buddy-agent-1.12.14.jar:/home/allan/.m2/repository/org/objenesis/objenesis/3.2/objenesis-3.2.jar:/home/allan/.m2/repository/io/quarkus/quarkus-mutiny/2.13.3.Final/quarkus-mutiny-2.13.3.Final.jar:/home/allan/.m2/repository/io/quarkus/quarkus-smallrye-context-propagation/2.13.3.Final/quarkus-smallrye-context-propagation-2.13.3.Final.jar:/home/allan/.m2/repository/io/smallrye/smallrye-context-propagation/1.2.2/smallrye-context-propagation-1.2.2.jar:/home/allan/.m2/repository/io/smallrye/smallrye-context-propagation-api/1.2.2/smallrye-context-propagation-api-1.2.2.jar:/home/allan/.m2/repository/io/smallrye/smallrye-context-propagation-storage/1.2.2/smallrye-context-propagation-storage-1.2.2.jar:/home/allan/.m2/repository/io/smallrye/reactive/mutiny-smallrye-context-propagation/1.7.0/mutiny-smallrye-context-propagation-1.7.0.jar:/home/allan/.m2/repository/com/github/tomakehurst/wiremock-jre8/2.33.2/wiremock-jre8-2.33.2.jar:/home/allan/.m2/repository/org/eclipse/jetty/jetty-server/9.4.46.v20220331/jetty-server-9.4.46.v20220331.jar:/home/allan/.m2/repository/javax/servlet/javax.servlet-api/3.1.0/javax.servlet-api-3.1.0.jar:/home/allan/.m2/repository/org/eclipse/jetty/jetty-http/9.4.46.v20220331/jetty-http-9.4.46.v20220331.jar:/home/allan/.m2/repository/org/eclipse/jetty/jetty-io/9.4.46.v20220331/jetty-io-9.4.46.v20220331.jar:/home/allan/.m2/repository/org/eclipse/jetty/jetty-servlet/9.4.46.v20220331/jetty-servlet-9.4.46.v20220331.jar:/home/allan/.m2/repository/org/eclipse/jetty/jetty-security/9.4.46.v20220331/jetty-security-9.4.46.v20220331.jar:/home/allan/.m2/repository/org/eclipse/jetty/jetty-util-ajax/9.4.46.v20220331/jetty-util-ajax-9.4.46.v20220331.jar:/home/allan/.m2/repository/org/eclipse/jetty/jetty-servlets/9.4.46.v20220331/jetty-servlets-9.4.46.v20220331.jar:/home/allan/.m2/repository/org/eclipse/jetty/jetty-continuation/9.4.46.v20220331/jetty-continuation-9.4.46.v20220331.jar:/home/allan/.m2/repository/org/eclipse/jetty/jetty-util/9.4.46.v20220331/jetty-util-9.4.46.v20220331.jar:/home/allan/.m2/repository/org/eclipse/jetty/jetty-webapp/9.4.46.v20220331/jetty-webapp-9.4.46.v20220331.jar:/home/allan/.m2/repository/org/eclipse/jetty/jetty-xml/9.4.46.v20220331/jetty-xml-9.4.46.v20220331.jar:/home/allan/.m2/repository/org/eclipse/jetty/jetty-proxy/9.4.46.v20220331/jetty-proxy-9.4.46.v20220331.jar:/home/allan/.m2/repository/org/eclipse/jetty/jetty-client/9.4.46.v20220331/jetty-client-9.4.46.v20220331.jar:/home/allan/.m2/repository/org/eclipse/jetty/http2/http2-server/9.4.46.v20220331/http2-server-9.4.46.v20220331.jar:/home/allan/.m2/repository/org/eclipse/jetty/http2/http2-common/9.4.46.v20220331/http2-common-9.4.46.v20220331.jar:/home/allan/.m2/repository/org/eclipse/jetty/http2/http2-hpack/9.4.46.v20220331/http2-hpack-9.4.46.v20220331.jar:/home/allan/.m2/repository/org/eclipse/jetty/jetty-alpn-server/9.4.46.v20220331/jetty-alpn-server-9.4.46.v20220331.jar:/home/allan/.m2/repository/org/eclipse/jetty/jetty-alpn-java-server/9.4.46.v20220331/jetty-alpn-java-server-9.4.46.v20220331.jar:/home/allan/.m2/repository/org/eclipse/jetty/jetty-alpn-openjdk8-server/9.4.46.v20220331/jetty-alpn-openjdk8-server-9.4.46.v20220331.jar:/home/allan/.m2/repository/org/eclipse/jetty/jetty-alpn-java-client/9.4.46.v20220331/jetty-alpn-java-client-9.4.46.v20220331.jar:/home/allan/.m2/repository/org/eclipse/jetty/jetty-alpn-client/9.4.46.v20220331/jetty-alpn-client-9.4.46.v20220331.jar:/home/allan/.m2/repository/org/eclipse/jetty/jetty-alpn-openjdk8-client/9.4.46.v20220331/jetty-alpn-openjdk8-client-9.4.46.v20220331.jar:/home/allan/.m2/repository/com/google/guava/guava/31.1-jre/guava-31.1-jre.jar:/home/allan/.m2/repository/com/google/guava/failureaccess/1.0.1/failureaccess-1.0.1.jar:/home/allan/.m2/repository/org/checkerframework/checker-qual/3.25.0/checker-qual-3.25.0.jar:/home/allan/.m2/repository/com/google/errorprone/error_prone_annotations/2.15.0/error_prone_annotations-2.15.0.jar:/home/allan/.m2/repository/com/google/j2objc/j2objc-annotations/1.3/j2objc-annotations-1.3.jar:/home/allan/.m2/repository/com/fasterxml/jackson/core/jackson-core/2.13.4/jackson-core-2.13.4.jar:/home/allan/.m2/repository/com/fasterxml/jackson/core/jackson-annotations/2.13.4/jackson-annotations-2.13.4.jar:/home/allan/.m2/repository/com/fasterxml/jackson/core/jackson-databind/2.13.4.2/jackson-databind-2.13.4.2.jar:/home/allan/.m2/repository/org/apache/httpcomponents/client5/httpclient5/5.1.3/httpclient5-5.1.3.jar:/home/allan/.m2/repository/org/apache/httpcomponents/core5/httpcore5/5.1.3/httpcore5-5.1.3.jar:/home/allan/.m2/repository/org/apache/httpcomponents/core5/httpcore5-h2/5.1.3/httpcore5-h2-5.1.3.jar:/home/allan/.m2/repository/org/xmlunit/xmlunit-core/2.9.0/xmlunit-core-2.9.0.jar:/home/allan/.m2/repository/jakarta/xml/bind/jakarta.xml.bind-api/2.3.3/jakarta.xml.bind-api-2.3.3.jar:/home/allan/.m2/repository/jakarta/activation/jakarta.activation-api/1.2.1/jakarta.activation-api-1.2.1.jar:/home/allan/.m2/repository/org/xmlunit/xmlunit-legacy/2.9.0/xmlunit-legacy-2.9.0.jar:/home/allan/.m2/repository/org/xmlunit/xmlunit-placeholders/2.9.0/xmlunit-placeholders-2.9.0.jar:/home/allan/.m2/repository/net/javacrumbs/json-unit/json-unit-core/2.33.0/json-unit-core-2.33.0.jar:/home/allan/.m2/repository/org/hamcrest/hamcrest-core/2.2/hamcrest-core-2.2.jar:/home/allan/.m2/repository/com/jayway/jsonpath/json-path/2.7.0/json-path-2.7.0.jar:/home/allan/.m2/repository/net/minidev/json-smart/2.4.7/json-smart-2.4.7.jar:/home/allan/.m2/repository/net/minidev/accessors-smart/2.4.7/accessors-smart-2.4.7.jar:/home/allan/.m2/repository/org/ow2/asm/asm/9.3/asm-9.3.jar:/home/allan/.m2/repository/org/slf4j/slf4j-api/1.7.36/slf4j-api-1.7.36.jar:/home/allan/.m2/repository/net/sf/jopt-simple/jopt-simple/5.0.4/jopt-simple-5.0.4.jar:/home/allan/.m2/repository/org/apache/commons/commons-lang3/3.12.0/commons-lang3-3.12.0.jar:/home/allan/.m2/repository/com/github/jknack/handlebars/4.3.0/handlebars-4.3.0.jar:/home/allan/.m2/repository/com/github/jknack/handlebars-helpers/4.3.0/handlebars-helpers-4.3.0.jar:/home/allan/.m2/repository/commons-fileupload/commons-fileupload/1.4/commons-fileupload-1.4.jar:/home/allan/.m2/repository/commons-io/commons-io/2.11.0/commons-io-2.11.0.jar:"/>
    <property name="sun.cpu.endian" value="little"/>
    <property name="user.home" value="/home/allan"/>
    <property name="user.language" value="en"/>
    <property name="jboss.log-version" value="false"/>
    <property name="java.specification.vendor" value="Oracle Corporation"/>
    <property name="io.netty.allocator.maxOrder" value="3"/>
    <property name="java.version.date" value="2021-10-19"/>
    <property name="java.home" value="/usr/lib/jvm/java-17-oracle"/>
    <property name="file.separator" value="/"/>
    <property name="basedir" value="/mnt/barracuda/bb/poverty-indicator"/>
    <property name="java.vm.compressedOopsMode" value="Zero based"/>
    <property name="line.separator" value="&#10;"/>
    <property name="java.vm.specification.vendor" value="Oracle Corporation"/>
    <property name="java.specification.name" value="Java Platform API Specification"/>
    <property name="surefire.real.class.path" value="/mnt/barracuda/bb/poverty-indicator/target/surefire/surefirebooter-20221027075927695_3.jar"/>
    <property name="sun.management.compiler" value="HotSpot 64-Bit Tiered Compilers"/>
    <property name="org.eclipse.jetty.http.HttpGenerator.STRICT" value="true"/>
    <property name="java.runtime.version" value="17.0.1+12-LTS-39"/>
    <property name="user.name" value="allan"/>
    <property name="path.separator" value=":"/>
    <property name="os.version" value="5.15.0-52-generic"/>
    <property name="java.runtime.name" value="Java(TM) SE Runtime Environment"/>
    <property name="file.encoding" value="UTF-8"/>
    <property name="java.vm.name" value="Java HotSpot(TM) 64-Bit Server VM"/>
    <property name="localRepository" value="/home/allan/.m2/repository"/>
    <property name="javax.xml.xpath.XPathFactory:http://java.sun.com/jaxp/xpath/dom" value="com.sun.org.apache.xpath.internal.jaxp.XPathFactoryImpl"/>
    <property name="java.vendor.url.bug" value="https://bugreport.java.com/bugreport/"/>
    <property name="jetty.git.hash" value="bc17a0369a11ecf40bb92c839b9ef0a8ac50ea18"/>
    <property name="java.io.tmpdir" value="/tmp"/>
    <property name="quarkus.log.file.path" value="target/quarkus.log"/>
    <property name="java.version" value="17.0.1"/>
    <property name="java.util.concurrent.ForkJoinPool.common.threadFactory" value="io.quarkus.bootstrap.forkjoin.QuarkusForkJoinWorkerThreadFactory"/>
    <property name="user.dir" value="/mnt/barracuda/bb/poverty-indicator"/>
    <property name="os.arch" value="amd64"/>
    <property name="java.vm.specification.name" value="Java Virtual Machine Specification"/>
    <property name="vertx.disableDnsResolver" value="true"/>
    <property name="user.language.format" value="pt"/>
    <property name="native.encoding" value="UTF-8"/>
    <property name="java.util.logging.manager" value="org.jboss.logmanager.LogManager"/>
    <property name="java.library.path" value="/usr/java/packages/lib:/usr/lib64:/lib64:/lib:/usr/lib"/>
    <property name="java.vm.info" value="mixed mode, sharing"/>
    <property name="java.vendor" value="Oracle Corporation"/>
    <property name="vertx.disableTCCL" value="true"/>
    <property name="java.vm.version" value="17.0.1+12-LTS-39"/>
    <property name="sun.io.unicode.encoding" value="UnicodeLittle"/>
    <property name="javax.xml.transform.TransformerFactory" value="com.sun.org.apache.xalan.internal.xsltc.trax.TransformerFactoryImpl"/>
    <property name="io.netty.machineId" value="5c:f8:e5:d7:b9:24:ad:5f"/>
    <property name="java.class.version" value="61.0"/>
    <property name="mp.openapi.extensions.smallrye.defaultConsumes" value="application/json"/>
  </properties>
  <testcase name="shouldReturnPovertyIndicator" classname="com.bb.domain.web.CountryControllerTest" time="2.096">
    <system-out><![CDATA[2022-10-27 07:59:28,751 WARN  [io.qua.boo.res.mav.BootstrapMavenContext] (main) Settings problem encountered at /home/allan/.m2/settings.xml, line 31, column 11: org.apache.maven.settings.io.SettingsParseException: Unrecognised tag: 'build' (position: START_TAG seen ...<id>coverage</id>\n\t\t\t<build>... @31:11) 
	at org.apache.maven.settings.io.DefaultSettingsReader.read(DefaultSettingsReader.java:87)
	at org.apache.maven.settings.building.DefaultSettingsBuilder.readSettings(DefaultSettingsBuilder.java:182)
	at org.apache.maven.settings.building.DefaultSettingsBuilder.build(DefaultSettingsBuilder.java:108)
	at io.quarkus.bootstrap.resolver.maven.BootstrapMavenContext.getEffectiveSettings(BootstrapMavenContext.java:294)
	at io.quarkus.bootstrap.resolver.maven.BootstrapMavenContext.isOffline(BootstrapMavenContext.java:256)
	at io.quarkus.bootstrap.resolver.maven.BootstrapMavenContext.newRepositorySystem(BootstrapMavenContext.java:718)
	at io.quarkus.bootstrap.resolver.maven.BootstrapMavenContext.getRepositorySystem(BootstrapMavenContext.java:261)
	at io.quarkus.bootstrap.resolver.maven.MavenArtifactResolver.<init>(MavenArtifactResolver.java:115)
	at io.quarkus.bootstrap.BootstrapAppModelFactory.getAppModelResolver(BootstrapAppModelFactory.java:165)
	at io.quarkus.bootstrap.BootstrapAppModelFactory.resolveAppModel(BootstrapAppModelFactory.java:284)
	at io.quarkus.bootstrap.app.QuarkusBootstrap.bootstrap(QuarkusBootstrap.java:165)
	at io.quarkus.test.junit.AbstractJvmQuarkusTestExtension.createAugmentor(AbstractJvmQuarkusTestExtension.java:155)
	at io.quarkus.test.junit.QuarkusTestExtension.doJavaStart(QuarkusTestExtension.java:232)
	at io.quarkus.test.junit.QuarkusTestExtension.ensureStarted(QuarkusTestExtension.java:681)
	at io.quarkus.test.junit.QuarkusTestExtension.beforeAll(QuarkusTestExtension.java:729)
	at org.junit.jupiter.engine.descriptor.ClassBasedTestDescriptor.lambda$invokeBeforeAllCallbacks$12(ClassBasedTestDescriptor.java:395)
	at org.junit.platform.engine.support.hierarchical.ThrowableCollector.execute(ThrowableCollector.java:73)
	at org.junit.jupiter.engine.descriptor.ClassBasedTestDescriptor.invokeBeforeAllCallbacks(ClassBasedTestDescriptor.java:395)
	at org.junit.jupiter.engine.descriptor.ClassBasedTestDescriptor.before(ClassBasedTestDescriptor.java:211)
	at org.junit.jupiter.engine.descriptor.ClassBasedTestDescriptor.before(ClassBasedTestDescriptor.java:84)
	at org.junit.platform.engine.support.hierarchical.NodeTestTask.lambda$executeRecursively$6(NodeTestTask.java:148)
	at org.junit.platform.engine.support.hierarchical.ThrowableCollector.execute(ThrowableCollector.java:73)
	at org.junit.platform.engine.support.hierarchical.NodeTestTask.lambda$executeRecursively$8(NodeTestTask.java:141)
	at org.junit.platform.engine.support.hierarchical.Node.around(Node.java:137)
	at org.junit.platform.engine.support.hierarchical.NodeTestTask.lambda$executeRecursively$9(NodeTestTask.java:139)
	at org.junit.platform.engine.support.hierarchical.ThrowableCollector.execute(ThrowableCollector.java:73)
	at org.junit.platform.engine.support.hierarchical.NodeTestTask.executeRecursively(NodeTestTask.java:138)
	at org.junit.platform.engine.support.hierarchical.NodeTestTask.execute(NodeTestTask.java:95)
	at java.base/java.util.ArrayList.forEach(ArrayList.java:1511)
	at org.junit.platform.engine.support.hierarchical.SameThreadHierarchicalTestExecutorService.invokeAll(SameThreadHierarchicalTestExecutorService.java:41)
	at org.junit.platform.engine.support.hierarchical.NodeTestTask.lambda$executeRecursively$6(NodeTestTask.java:155)
	at org.junit.platform.engine.support.hierarchical.ThrowableCollector.execute(ThrowableCollector.java:73)
	at org.junit.platform.engine.support.hierarchical.NodeTestTask.lambda$executeRecursively$8(NodeTestTask.java:141)
	at org.junit.platform.engine.support.hierarchical.Node.around(Node.java:137)
	at org.junit.platform.engine.support.hierarchical.NodeTestTask.lambda$executeRecursively$9(NodeTestTask.java:139)
	at org.junit.platform.engine.support.hierarchical.ThrowableCollector.execute(ThrowableCollector.java:73)
	at org.junit.platform.engine.support.hierarchical.NodeTestTask.executeRecursively(NodeTestTask.java:138)
	at org.junit.platform.engine.support.hierarchical.NodeTestTask.execute(NodeTestTask.java:95)
	at org.junit.platform.engine.support.hierarchical.SameThreadHierarchicalTestExecutorService.submit(SameThreadHierarchicalTestExecutorService.java:35)
	at org.junit.platform.engine.support.hierarchical.HierarchicalTestExecutor.execute(HierarchicalTestExecutor.java:57)
	at org.junit.platform.engine.support.hierarchical.HierarchicalTestEngine.execute(HierarchicalTestEngine.java:54)
	at org.junit.platform.launcher.core.EngineExecutionOrchestrator.execute(EngineExecutionOrchestrator.java:147)
	at org.junit.platform.launcher.core.EngineExecutionOrchestrator.execute(EngineExecutionOrchestrator.java:127)
	at org.junit.platform.launcher.core.EngineExecutionOrchestrator.execute(EngineExecutionOrchestrator.java:90)
	at org.junit.platform.launcher.core.EngineExecutionOrchestrator.lambda$execute$0(EngineExecutionOrchestrator.java:55)
	at org.junit.platform.launcher.core.EngineExecutionOrchestrator.withInterceptedStreams(EngineExecutionOrchestrator.java:102)
	at org.junit.platform.launcher.core.EngineExecutionOrchestrator.execute(EngineExecutionOrchestrator.java:54)
	at org.junit.platform.launcher.core.DefaultLauncher.execute(DefaultLauncher.java:114)
	at org.junit.platform.launcher.core.DefaultLauncher.execute(DefaultLauncher.java:86)
	at org.junit.platform.launcher.core.DefaultLauncherSession$DelegatingLauncher.execute(DefaultLauncherSession.java:86)
	at org.apache.maven.surefire.junitplatform.LazyLauncher.execute(LazyLauncher.java:55)
	at org.apache.maven.surefire.junitplatform.JUnitPlatformProvider.execute(JUnitPlatformProvider.java:223)
	at org.apache.maven.surefire.junitplatform.JUnitPlatformProvider.invokeAllTests(JUnitPlatformProvider.java:175)
	at org.apache.maven.surefire.junitplatform.JUnitPlatformProvider.invoke(JUnitPlatformProvider.java:139)
	at org.apache.maven.surefire.booter.ForkedBooter.runSuitesInProcess(ForkedBooter.java:456)
	at org.apache.maven.surefire.booter.ForkedBooter.execute(ForkedBooter.java:169)
	at org.apache.maven.surefire.booter.ForkedBooter.run(ForkedBooter.java:595)
	at org.apache.maven.surefire.booter.ForkedBooter.main(ForkedBooter.java:581)
Caused by: org.codehaus.plexus.util.xml.pull.XmlPullParserException: Unrecognised tag: 'build' (position: START_TAG seen ...<id>coverage</id>\n\t\t\t<build>... @31:11) 
	at org.apache.maven.settings.io.xpp3.SettingsXpp3Reader.checkUnknownElement(SettingsXpp3Reader.java:149)
	at org.apache.maven.settings.io.xpp3.SettingsXpp3Reader.parseProfile(SettingsXpp3Reader.java:1012)
	at org.apache.maven.settings.io.xpp3.SettingsXpp3Reader.parseSettings(SettingsXpp3Reader.java:1436)
	at org.apache.maven.settings.io.xpp3.SettingsXpp3Reader.read(SettingsXpp3Reader.java:1548)
	at org.apache.maven.settings.io.xpp3.SettingsXpp3Reader.read(SettingsXpp3Reader.java:566)
	at org.apache.maven.settings.io.xpp3.SettingsXpp3Reader.read(SettingsXpp3Reader.java:595)
	at org.apache.maven.settings.io.DefaultSettingsReader.read(DefaultSettingsReader.java:83)
	... 57 more

2022-10-27 07:59:31,843 INFO  [org.ecl.jet.uti.log] (pool-3-thread-1) Logging initialized @4094ms to org.eclipse.jetty.util.log.Slf4jLog
2022-10-27 07:59:32,119 INFO  [org.ecl.jet.ser.Server] (pool-3-thread-1) jetty-9.4.46.v20220331; built: 2022-03-31T16:38:08.030Z; git: bc17a0369a11ecf40bb92c839b9ef0a8ac50ea18; jvm 17.0.1+12-LTS-39
2022-10-27 07:59:32,133 INFO  [org.ecl.jet.ser.han.ContextHandler] (pool-3-thread-1) Started o.e.j.s.ServletContextHandler@331b7537{/__admin,null,AVAILABLE}
2022-10-27 07:59:32,141 INFO  [org.ecl.jet.ser.han.Con.ROOT] (pool-3-thread-1) RequestHandlerClass from context returned com.github.tomakehurst.wiremock.http.StubRequestHandler. Normalized mapped under returned 'null'
2022-10-27 07:59:32,143 INFO  [org.ecl.jet.ser.han.ContextHandler] (pool-3-thread-1) Started o.e.j.s.ServletContextHandler@78ef6082{/,null,AVAILABLE}
2022-10-27 07:59:32,161 INFO  [org.ecl.jet.ser.AbstractConnector] (pool-3-thread-1) Started NetworkTrafficServerConnector@213c7491{HTTP/1.1, (http/1.1, h2c)}{0.0.0.0:9569}
2022-10-27 07:59:32,161 INFO  [org.ecl.jet.ser.Server] (pool-3-thread-1) Started @4414ms
2022-10-27 07:59:32,951 INFO  [io.quarkus] (main) poverty-indicator 1.0.0-SNAPSHOT on JVM (powered by Quarkus 2.13.3.Final) started in 2.605s. Listening on: http://localhost:8081
2022-10-27 07:59:32,951 INFO  [io.quarkus] (main) Profile test activated. 
2022-10-27 07:59:32,951 INFO  [io.quarkus] (main) Installed features: [cdi, rest-client, rest-client-jackson, resteasy, resteasy-jackson, resteasy-jaxb, smallrye-context-propagation, smallrye-health, smallrye-openapi, swagger-ui, vertx]
[
    {
        "country": "Aruba",
        "code": "ABW"
    }
]
]]></system-out>
  </testcase>
</testsuite>